2020-03-13 22:47:41,829 : kivy : Factory: 184 symbols loaded
2020-03-13 22:47:42,080 : kivy : Image: Providers: img_tex, img_dds, img_sdl2, img_pil, img_gif (img_ffpyplayer ignored)
2020-03-13 22:47:42,289 : kivy : VideoGstplayer: Using Gstreamer 1.16.0.0
2020-03-13 22:47:42,289 : kivy : Video: Provider: gstplayer
2020-03-13 22:47:42,433 : kivy : Loading MPF-MC controller
2020-03-13 22:47:42,433 : mpfmc : Mission Pinball Framework Media Controller v0.53.1
2020-03-13 22:47:42,434 : mpfmc : Mission Pinball Framework Game Engine v0.53.2
2020-03-13 22:47:42,434 : mpfmc : Machine path: C:\Users\codebringer\Downloads\mpf-vpcom-bridge-master\mpf-vpcom-bridge-master\VPX Demo
2020-03-13 22:47:42,435 : ConfigProcessor : Cache file not found: C:\Users\CODEBR~1\AppData\Local\Temp\682a705f42f8ca7b46a6ea2fb04a29ee.mpf_cache
2020-03-13 22:47:42,435 : ConfigProcessor : Loading config from file C:\Program Files (x86)\Microsoft Visual Studio\Shared\Python36_64\lib\site-packages\mpfmc\mcconfig.yaml.
2020-03-13 22:47:42,473 : ConfigProcessor : Loading config: C:\Program Files (x86)\Microsoft Visual Studio\Shared\Python36_64\lib\site-packages\mpfmc\mcconfig.yaml
2020-03-13 22:47:42,479 : ConfigProcessor : Loading config from file C:\Users\codebringer\Downloads\mpf-vpcom-bridge-master\mpf-vpcom-bridge-master\VPX Demo\config\config.
2020-03-13 22:47:42,508 : ConfigProcessor : Loading config: C:\Users\codebringer\Downloads\mpf-vpcom-bridge-master\mpf-vpcom-bridge-master\VPX Demo\config\config
2020-03-13 22:47:42,508 : ConfigProcessor : Config file cache created: C:\Users\CODEBR~1\AppData\Local\Temp\682a705f42f8ca7b46a6ea2fb04a29ee.mpf_cache
2020-03-13 22:47:42,509 : mpfmc : Starting clock at 60.0Hz
2020-03-13 22:47:42,569 : kivy : Text: Provider: sdl2
2020-03-13 22:47:42,648 : kivy : Window: Provider: sdl2
2020-03-13 22:47:43,192 : kivy : GL: Using the "OpenGL" graphics system
2020-03-13 22:47:43,202 : kivy : GL: GLEW initialization succeeded
2020-03-13 22:47:43,203 : kivy : GL: Backend used <glew>
2020-03-13 22:47:43,203 : kivy : GL: OpenGL version <b'4.6.0 NVIDIA 441.66'>
2020-03-13 22:47:43,203 : kivy : GL: OpenGL vendor <b'NVIDIA Corporation'>
2020-03-13 22:47:43,203 : kivy : GL: OpenGL renderer <b'GeForce GTX 1080/PCIe/SSE2'>
2020-03-13 22:47:43,203 : kivy : GL: OpenGL parsed version: 4, 6
2020-03-13 22:47:43,203 : kivy : GL: Shading version <b'4.60 NVIDIA'>
2020-03-13 22:47:43,203 : kivy : GL: Texture max size <32768>
2020-03-13 22:47:43,204 : kivy : GL: Texture max units <32>
2020-03-13 22:47:43,308 : kivy : Window: auto add sdl2 input provider
2020-03-13 22:47:43,309 : kivy : Window: virtual keyboard not allowed, single mode, not docked
2020-03-13 22:47:43,317 : SoundSystem : SoundSystem: Using default 'sound_system' settings
2020-03-13 22:47:47,193 : AudioInterface : Initialized
2020-03-13 22:47:47,193 : SoundSystem : No audio tracks are specified in your machine config file. a track named 'default' has been created.
2020-03-13 22:47:47,195 : kivy : Base: Start application main loop
2020-03-13 22:47:47,196 : EventManager : Event: ======'display_window_initialized'====== Args={}
2020-03-13 22:47:47,196 : EventManager : Event: ======'display_dmd_initialized'====== Args={}
2020-03-13 22:47:47,303 : mpfmc : Display: Setting 'dmd' as default display
2020-03-13 22:47:47,309 : EventManager : Event: ======'displays_initialized'====== Args={}
2020-03-13 22:47:47,310 : EventManager : Event: ======'slide_window_blank_created'====== Args={}
2020-03-13 22:47:47,310 : EventManager : Event: ======'display_window_ready'====== Args={}
2020-03-13 22:47:47,311 : EventManager : Event: ======'slide_dmd_blank_created'====== Args={}
2020-03-13 22:47:47,311 : EventManager : Event: ======'display_dmd_ready'====== Args={}
2020-03-13 22:47:47,322 : EventManager : Event: ======'init_phase_1'====== Args={}
2020-03-13 22:47:47,324 : EventManager : Event: ======'mc_ready'====== Args={}
2020-03-13 22:47:47,324 : EventManager : Event: ======'init_phase_2'====== Args={}
2020-03-13 22:47:47,325 : ConfigProcessor : Loading config from cache: C:\Users\CODEBR~1\AppData\Local\Temp\65c3039d99125aa5be45a3f0d72177aa.mpf_cache
2020-03-13 22:47:47,329 : ConfigProcessor : Loading config from cache: C:\Users\CODEBR~1\AppData\Local\Temp\cba781617e1edf4b2f271526d2b6d925.mpf_cache
2020-03-13 22:47:47,333 : ConfigProcessor : Loading config from cache: C:\Users\CODEBR~1\AppData\Local\Temp\67e148b1465f9071ba59fd0450e586a7.mpf_cache
2020-03-13 22:47:47,337 : ConfigProcessor : Loading config from cache: C:\Users\CODEBR~1\AppData\Local\Temp\f628b1ba5c1197884e9c8e25e8752b03.mpf_cache
2020-03-13 22:47:47,337 : EventManager : Event: ======'init_phase_3'====== Args={}
2020-03-13 22:47:47,338 : EventManager : Event: ======'init_phase_4'====== Args={}
2020-03-13 22:47:47,338 : EventManager : Event: ======'init_phase_5'====== Args={}
2020-03-13 22:47:47,338 : EventManager : Event: ======'init_done'====== Args={}
2020-03-13 22:47:47,338 : MPF-MC BCP Server : Starting up on localhost port 5050
2020-03-13 22:47:47,342 : MPF-MC BCP Server : Waiting for a connection...
2020-03-13 22:47:47,342 : mpfmc : SlidePlayer: Play called with settings={'slides': {window_slide-None-None: {'target': 'window', 'priority': None, 'background_color': [0.0, 0.0, 0.0, 1.0], 'show': True, 'force': False, 'expire': None, 'slide': None, 'tokens': {}, 'action': 'play', 'transition': None, 'transition_out': None}}}
2020-03-13 22:47:47,345 : kivy : GL: NPOT texture support is available
2020-03-13 22:47:47,394 : EventManager : Event: ======'slide_window_slide_created'====== Args={}
2020-03-13 22:47:47,420 : EventManager : Event: ======'slide_window_slide_active'====== Args={}
2020-03-13 22:47:47,543 : EventManager : Event: ======'client_disconnected'====== Args={'host': '127.0.0.1', 'port': 5050}
2020-03-13 22:47:47,807 : MPF-MC BCP Server : Received connection from: 127.0.0.1:52766
2020-03-13 22:47:47,819 : EventManager : Event: ======'client_connected'====== Args={'host': '127.0.0.1', 'port': 52766}
2020-03-13 22:47:47,868 : EventManager : Event: ======'machine_var_credits_string'====== Args={'value': 'FREE PLAY', 'prev_value': None, 'change': True}
2020-03-13 22:47:47,868 : EventManager : Event: ======'machine_var_mpf_version'====== Args={'value': 'MPF v0.53.2', 'prev_value': None, 'change': True}
2020-03-13 22:47:47,868 : EventManager : Event: ======'machine_var_mpf_extended_version'====== Args={'value': 'MPF v0.53.2, Config version:5, Show version: 5, BCP version:1.1', 'prev_value': None, 'change': True}
2020-03-13 22:47:47,868 : EventManager : Event: ======'machine_var_python_version'====== Args={'value': '3.6.6', 'prev_value': None, 'change': True}
2020-03-13 22:47:47,868 : EventManager : Event: ======'machine_var_platform'====== Args={'value': 'Windows-10-10.0.17763-SP0', 'prev_value': None, 'change': True}
2020-03-13 22:47:47,868 : EventManager : Event: ======'machine_var_platform_system'====== Args={'value': 'Windows', 'prev_value': None, 'change': True}
2020-03-13 22:47:47,869 : EventManager : Event: ======'machine_var_platform_release'====== Args={'value': '10', 'prev_value': None, 'change': True}
2020-03-13 22:47:47,869 : EventManager : Event: ======'machine_var_platform_version'====== Args={'value': '10.0.17763', 'prev_value': None, 'change': True}
2020-03-13 22:47:47,869 : EventManager : Event: ======'machine_var_platform_machine'====== Args={'value': 'AMD64', 'prev_value': None, 'change': True}
2020-03-13 22:47:47,869 : EventManager : Event: ======'machine_var_mc_version'====== Args={'value': 'MPF-MC v0.53.1', 'prev_value': None, 'change': True}
2020-03-13 22:47:47,869 : EventManager : Event: ======'machine_var_mc_extended_version'====== Args={'value': 'MPF-MC v0.53.1 (config_version=5, BCP v1.1, Requires MPF v0.53.0)', 'prev_value': None, 'change': True}
2020-03-13 22:47:47,869 : EventManager : Event: ======'machine_var_master_volume'====== Args={'value': 0.5, 'prev_value': None, 'change': True}
2020-03-13 22:47:47,892 : EventManager : Event: ======'machine_var_audits_switches_s_startgame'====== Args={'value': 0, 'prev_value': None, 'change': True}
2020-03-13 22:47:47,892 : EventManager : Event: ======'machine_var_audits_switches_s_trough_1'====== Args={'value': 0, 'prev_value': None, 'change': True}
2020-03-13 22:47:47,892 : EventManager : Event: ======'machine_var_audits_switches_s_trough_2'====== Args={'value': 0, 'prev_value': None, 'change': True}
2020-03-13 22:47:47,892 : EventManager : Event: ======'machine_var_audits_switches_s_trough_3'====== Args={'value': 0, 'prev_value': None, 'change': True}
2020-03-13 22:47:47,893 : EventManager : Event: ======'machine_var_audits_switches_s_leftflipper'====== Args={'value': 0, 'prev_value': None, 'change': True}
2020-03-13 22:47:47,893 : EventManager : Event: ======'machine_var_audits_switches_s_rightflipper'====== Args={'value': 0, 'prev_value': None, 'change': True}
2020-03-13 22:47:47,893 : EventManager : Event: ======'machine_var_audits_switches_s_leftsling'====== Args={'value': 0, 'prev_value': None, 'change': True}
2020-03-13 22:47:47,893 : EventManager : Event: ======'machine_var_audits_switches_s_rightsling'====== Args={'value': 0, 'prev_value': None, 'change': True}
2020-03-13 22:47:47,893 : EventManager : Event: ======'machine_var_audits_switches_s_bumper'====== Args={'value': 0, 'prev_value': None, 'change': True}
2020-03-13 22:47:47,894 : EventManager : Event: ======'machine_var_audits_switches_s_plunger_lane'====== Args={'value': 0, 'prev_value': None, 'change': True}
2020-03-13 22:47:47,894 : EventManager : Event: ======'machine_var_audits_switches_s_right_hole'====== Args={'value': 0, 'prev_value': None, 'change': True}
2020-03-13 22:47:47,894 : EventManager : Event: ======'machine_var_audits_switches_s_top_rollover_a'====== Args={'value': 0, 'prev_value': None, 'change': True}
2020-03-13 22:47:47,894 : EventManager : Event: ======'machine_var_audits_switches_s_top_rollover_b'====== Args={'value': 0, 'prev_value': None, 'change': True}
2020-03-13 22:47:47,894 : EventManager : Event: ======'machine_var_audits_switches_s_top_rollover_c'====== Args={'value': 0, 'prev_value': None, 'change': True}
2020-03-13 22:47:47,894 : EventManager : Event: ======'machine_var_audits_switches_s_launch'====== Args={'value': 0, 'prev_value': None, 'change': True}
2020-03-13 22:47:47,894 : EventManager : Event: ======'machine_var_audits_switches_s_left_inlane'====== Args={'value': 0, 'prev_value': None, 'change': True}
2020-03-13 22:47:47,894 : EventManager : Event: ======'machine_var_audits_switches_s_right_inlane'====== Args={'value': 0, 'prev_value': None, 'change': True}
2020-03-13 22:47:47,894 : EventManager : Event: ======'machine_var_audits_switches_s_standup_target'====== Args={'value': 0, 'prev_value': None, 'change': True}
2020-03-13 22:47:47,895 : EventManager : Event: ======'machine_var_audits_switches_s_enter_playfield'====== Args={'value': 0, 'prev_value': None, 'change': True}
2020-03-13 22:47:47,895 : EventManager : Event: ======'machine_var_audits_player_score'====== Args={'value': {'top': [], 'average': 0, 'total': 0}, 'prev_value': None, 'change': True}
2020-03-13 22:48:52,052 : kivy : Base: Leaving application in progress...
